2013/04/04 14:32:55 - Initializing DBeaver 2.1.1
2013/04/04 14:32:55 - Host plugin: org.eclipse.epp.package.jee 1.5.1.20120828-0743
2013/04/04 14:33:04 - Skip resource 'data-sources.xml'
2013/04/04 14:34:12 - java.lang.ClassCastException: org.jkiss.dbeaver.model.exec.jdbc.JDBCConnectionHolder cannot be cast to java.sql.Connection
	at org.jkiss.dbeaver.ext.mysql.model.MySQLDataSource.openConnection(MySQLDataSource.java:367)
	at org.jkiss.dbeaver.model.impl.jdbc.JDBCDataSource.<init>(JDBCDataSource.java:67)
	at org.jkiss.dbeaver.ext.mysql.model.MySQLDataSource.<init>(MySQLDataSource.java:71)
	at org.jkiss.dbeaver.ext.mysql.MySQLDataSourceProvider.openDataSource(MySQLDataSourceProvider.java:92)
	at org.jkiss.dbeaver.registry.DataSourceDescriptor.connect(DataSourceDescriptor.java:487)
	at org.jkiss.dbeaver.runtime.jobs.ConnectJob.run(ConnectJob.java:66)
	at org.jkiss.dbeaver.runtime.jobs.ConnectJob.runSync(ConnectJob.java:93)
	at org.jkiss.dbeaver.ui.actions.datasource.DataSourceConnectHandler.execute(DataSourceConnectHandler.java:101)
	at org.jkiss.dbeaver.model.navigator.DBNDataSource.initializeNode(DBNDataSource.java:119)
	at org.jkiss.dbeaver.model.navigator.DBNDatabaseNode.getChildren(DBNDatabaseNode.java:160)
	at org.jkiss.dbeaver.ui.views.navigator.database.load.TreeLoadService.evaluate(TreeLoadService.java:58)
	at org.jkiss.dbeaver.ui.views.navigator.database.load.TreeLoadService.evaluate(TreeLoadService.java:1)
	at org.jkiss.dbeaver.runtime.load.jobs.LoadingJob.run(LoadingJob.java:79)
	at org.jkiss.dbeaver.runtime.load.jobs.LoadingJob.run(LoadingJob.java:66)
	at org.jkiss.dbeaver.runtime.AbstractJob.run(AbstractJob.java:91)
	at org.eclipse.core.internal.jobs.Worker.run(Worker.java:53)
2013/04/04 14:34:12 - Can't get column 'MAXLENGTH': Column 'MAXLENGTH' not found.
2013/04/04 14:34:12 - Can't get column 'MAXLENGTH': Column 'MAXLENGTH' not found.
2013/04/04 14:34:12 - Can't get column 'MAXLENGTH': Column 'MAXLENGTH' not found.
2013/04/04 14:34:12 - Can't get column 'MAXLENGTH': Column 'MAXLENGTH' not found.
2013/04/04 14:34:12 - Can't get column 'MAXLENGTH': Column 'MAXLENGTH' not found.
2013/04/04 14:34:12 - Can't get column 'MAXLENGTH': Column 'MAXLENGTH' not found.
2013/04/04 14:34:12 - Can't get column 'MAXLENGTH': Column 'MAXLENGTH' not found.
2013/04/04 14:34:12 - Can't get column 'MAXLENGTH': Column 'MAXLENGTH' not found.
2013/04/04 14:34:12 - Can't get column 'MAXLENGTH': Column 'MAXLENGTH' not found.
2013/04/04 14:34:12 - Can't get column 'MAXLENGTH': Column 'MAXLENGTH' not found.
2013/04/04 14:34:12 - Can't get column 'MAXLENGTH': Column 'MAXLENGTH' not found.
2013/04/04 14:34:12 - Can't get column 'MAXLENGTH': Column 'MAXLENGTH' not found.
2013/04/04 14:34:12 - Can't get column 'MAXLENGTH': Column 'MAXLENGTH' not found.
2013/04/04 14:34:12 - Can't get column 'MAXLENGTH': Column 'MAXLENGTH' not found.
2013/04/04 14:34:12 - Can't get column 'MAXLENGTH': Column 'MAXLENGTH' not found.
2013/04/04 14:34:12 - Can't get column 'MAXLENGTH': Column 'MAXLENGTH' not found.
2013/04/04 14:34:12 - Can't get column 'MAXLENGTH': Column 'MAXLENGTH' not found.
2013/04/04 14:34:12 - Can't get column 'MAXLENGTH': Column 'MAXLENGTH' not found.
2013/04/04 14:34:12 - Can't get column 'MAXLENGTH': Column 'MAXLENGTH' not found.
2013/04/04 14:34:12 - Can't get column 'MAXLENGTH': Column 'MAXLENGTH' not found.
2013/04/04 14:34:12 - Can't get column 'MAXLENGTH': Column 'MAXLENGTH' not found.
2013/04/04 14:34:12 - Can't get column 'MAXLENGTH': Column 'MAXLENGTH' not found.
2013/04/04 14:34:12 - Can't get column 'MAXLENGTH': Column 'MAXLENGTH' not found.
2013/04/04 14:34:12 - Can't get column 'MAXLENGTH': Column 'MAXLENGTH' not found.
2013/04/04 14:34:12 - Can't get column 'MAXLENGTH': Column 'MAXLENGTH' not found.
2013/04/04 14:34:12 - Can't get column 'MAXLENGTH': Column 'MAXLENGTH' not found.
2013/04/04 14:34:12 - Can't get column 'MAXLENGTH': Column 'MAXLENGTH' not found.
2013/04/04 14:34:12 - Can't get column 'MAXLENGTH': Column 'MAXLENGTH' not found.
2013/04/04 14:34:12 - Can't get column 'MAXLENGTH': Column 'MAXLENGTH' not found.
2013/04/04 14:34:12 - Can't get column 'MAXLENGTH': Column 'MAXLENGTH' not found.
2013/04/04 14:34:12 - Can't get column 'MAXLENGTH': Column 'MAXLENGTH' not found.
2013/04/04 14:34:12 - Can't get column 'MAXLENGTH': Column 'MAXLENGTH' not found.
2013/04/04 14:34:12 - Can't get column 'MAXLENGTH': Column 'MAXLENGTH' not found.
2013/04/04 14:34:12 - Can't get column 'MAXLENGTH': Column 'MAXLENGTH' not found.
2013/04/04 14:34:12 - Can't get column 'MAXLENGTH': Column 'MAXLENGTH' not found.
2013/04/04 14:34:12 - Can't get column 'MAXLENGTH': Column 'MAXLENGTH' not found.
2013/04/04 14:34:12 - Can't get column 'MAXLENGTH': Column 'MAXLENGTH' not found.
2013/04/04 14:34:12 - Can't get column 'MAXLENGTH': Column 'MAXLENGTH' not found.
2013/04/04 14:34:12 - Can't get column 'MAXLENGTH': Column 'MAXLENGTH' not found.
2013/04/04 14:34:55 - java.lang.ClassCastException: org.jkiss.dbeaver.model.exec.jdbc.JDBCConnectionHolder cannot be cast to java.sql.Connection
	at org.jkiss.dbeaver.ext.mysql.model.MySQLDataSource.openConnection(MySQLDataSource.java:367)
	at org.jkiss.dbeaver.model.impl.jdbc.JDBCDataSource.<init>(JDBCDataSource.java:67)
	at org.jkiss.dbeaver.ext.mysql.model.MySQLDataSource.<init>(MySQLDataSource.java:71)
	at org.jkiss.dbeaver.ext.mysql.MySQLDataSourceProvider.openDataSource(MySQLDataSourceProvider.java:92)
	at org.jkiss.dbeaver.registry.DataSourceDescriptor.connect(DataSourceDescriptor.java:487)
	at org.jkiss.dbeaver.ui.dialogs.connection.ConnectionWizard$1.run(ConnectionWizard.java:99)
	at org.jkiss.dbeaver.runtime.RuntimeUtils$1.run(RuntimeUtils.java:144)
	at org.eclipse.jface.operation.ModalContext$ModalContextThread.run(ModalContext.java:121)
2013/04/04 14:34:55 - Can't get column 'MAXLENGTH': Column 'MAXLENGTH' not found.
2013/04/04 14:34:55 - Can't get column 'MAXLENGTH': Column 'MAXLENGTH' not found.
2013/04/04 14:34:55 - Can't get column 'MAXLENGTH': Column 'MAXLENGTH' not found.
2013/04/04 14:34:55 - Can't get column 'MAXLENGTH': Column 'MAXLENGTH' not found.
2013/04/04 14:34:55 - Can't get column 'MAXLENGTH': Column 'MAXLENGTH' not found.
2013/04/04 14:34:55 - Can't get column 'MAXLENGTH': Column 'MAXLENGTH' not found.
2013/04/04 14:34:55 - Can't get column 'MAXLENGTH': Column 'MAXLENGTH' not found.
2013/04/04 14:34:55 - Can't get column 'MAXLENGTH': Column 'MAXLENGTH' not found.
2013/04/04 14:34:55 - Can't get column 'MAXLENGTH': Column 'MAXLENGTH' not found.
2013/04/04 14:34:55 - Can't get column 'MAXLENGTH': Column 'MAXLENGTH' not found.
2013/04/04 14:34:55 - Can't get column 'MAXLENGTH': Column 'MAXLENGTH' not found.
2013/04/04 14:34:55 - Can't get column 'MAXLENGTH': Column 'MAXLENGTH' not found.
2013/04/04 14:34:55 - Can't get column 'MAXLENGTH': Column 'MAXLENGTH' not found.
2013/04/04 14:34:55 - Can't get column 'MAXLENGTH': Column 'MAXLENGTH' not found.
2013/04/04 14:34:55 - Can't get column 'MAXLENGTH': Column 'MAXLENGTH' not found.
2013/04/04 14:34:55 - Can't get column 'MAXLENGTH': Column 'MAXLENGTH' not found.
2013/04/04 14:34:55 - Can't get column 'MAXLENGTH': Column 'MAXLENGTH' not found.
2013/04/04 14:34:55 - Can't get column 'MAXLENGTH': Column 'MAXLENGTH' not found.
2013/04/04 14:34:55 - Can't get column 'MAXLENGTH': Column 'MAXLENGTH' not found.
2013/04/04 14:34:55 - Can't get column 'MAXLENGTH': Column 'MAXLENGTH' not found.
2013/04/04 14:34:55 - Can't get column 'MAXLENGTH': Column 'MAXLENGTH' not found.
2013/04/04 14:34:55 - Can't get column 'MAXLENGTH': Column 'MAXLENGTH' not found.
2013/04/04 14:34:55 - Can't get column 'MAXLENGTH': Column 'MAXLENGTH' not found.
2013/04/04 14:34:55 - Can't get column 'MAXLENGTH': Column 'MAXLENGTH' not found.
2013/04/04 14:34:55 - Can't get column 'MAXLENGTH': Column 'MAXLENGTH' not found.
2013/04/04 14:34:55 - Can't get column 'MAXLENGTH': Column 'MAXLENGTH' not found.
2013/04/04 14:34:55 - Can't get column 'MAXLENGTH': Column 'MAXLENGTH' not found.
2013/04/04 14:34:55 - Can't get column 'MAXLENGTH': Column 'MAXLENGTH' not found.
2013/04/04 14:34:55 - Can't get column 'MAXLENGTH': Column 'MAXLENGTH' not found.
2013/04/04 14:34:55 - Can't get column 'MAXLENGTH': Column 'MAXLENGTH' not found.
2013/04/04 14:34:55 - Can't get column 'MAXLENGTH': Column 'MAXLENGTH' not found.
2013/04/04 14:34:55 - Can't get column 'MAXLENGTH': Column 'MAXLENGTH' not found.
2013/04/04 14:34:55 - Can't get column 'MAXLENGTH': Column 'MAXLENGTH' not found.
2013/04/04 14:34:55 - Can't get column 'MAXLENGTH': Column 'MAXLENGTH' not found.
2013/04/04 14:34:55 - Can't get column 'MAXLENGTH': Column 'MAXLENGTH' not found.
2013/04/04 14:34:55 - Can't get column 'MAXLENGTH': Column 'MAXLENGTH' not found.
2013/04/04 14:34:55 - Can't get column 'MAXLENGTH': Column 'MAXLENGTH' not found.
2013/04/04 14:34:55 - Can't get column 'MAXLENGTH': Column 'MAXLENGTH' not found.
2013/04/04 14:34:55 - Can't get column 'MAXLENGTH': Column 'MAXLENGTH' not found.
2013/04/04 14:34:55 - Can't get column 'MAXLENGTH': Column 'MAXLENGTH' not found.
2013/04/04 14:34:55 - Can't get column 'MAXLENGTH': Column 'MAXLENGTH' not found.
2013/04/04 14:34:55 - Can't get column 'MAXLENGTH': Column 'MAXLENGTH' not found.
2013/04/04 14:34:55 - Can't get column 'MAXLENGTH': Column 'MAXLENGTH' not found.
2013/04/04 14:34:55 - Can't get column 'MAXLENGTH': Column 'MAXLENGTH' not found.
2013/04/04 14:34:55 - Can't get column 'MAXLENGTH': Column 'MAXLENGTH' not found.
2013/04/04 14:34:55 - Can't get column 'MAXLENGTH': Column 'MAXLENGTH' not found.
2013/04/04 14:34:55 - Can't get column 'MAXLENGTH': Column 'MAXLENGTH' not found.
2013/04/04 14:34:55 - Can't get column 'MAXLENGTH': Column 'MAXLENGTH' not found.
2013/04/04 14:34:55 - Can't get column 'MAXLENGTH': Column 'MAXLENGTH' not found.
2013/04/04 14:34:55 - Can't get column 'MAXLENGTH': Column 'MAXLENGTH' not found.
2013/04/04 14:34:55 - Can't get column 'MAXLENGTH': Column 'MAXLENGTH' not found.
2013/04/04 14:34:55 - Can't get column 'MAXLENGTH': Column 'MAXLENGTH' not found.
2013/04/04 14:34:55 - Can't get column 'MAXLENGTH': Column 'MAXLENGTH' not found.
2013/04/04 14:34:55 - Can't get column 'MAXLENGTH': Column 'MAXLENGTH' not found.
2013/04/04 14:34:55 - Can't get column 'MAXLENGTH': Column 'MAXLENGTH' not found.
2013/04/04 14:34:55 - Can't get column 'MAXLENGTH': Column 'MAXLENGTH' not found.
2013/04/04 14:34:55 - Can't get column 'MAXLENGTH': Column 'MAXLENGTH' not found.
2013/04/04 14:34:55 - Can't get column 'MAXLENGTH': Column 'MAXLENGTH' not found.
2013/04/04 14:34:55 - Can't get column 'MAXLENGTH': Column 'MAXLENGTH' not found.
2013/04/04 14:34:55 - Can't get column 'MAXLENGTH': Column 'MAXLENGTH' not found.
2013/04/04 14:34:55 - Can't get column 'MAXLENGTH': Column 'MAXLENGTH' not found.
2013/04/04 14:34:55 - Can't get column 'MAXLENGTH': Column 'MAXLENGTH' not found.
2013/04/04 14:34:55 - Can't get column 'MAXLENGTH': Column 'MAXLENGTH' not found.
2013/04/04 14:34:55 - Can't get column 'MAXLENGTH': Column 'MAXLENGTH' not found.
2013/04/04 14:34:55 - Can't get column 'MAXLENGTH': Column 'MAXLENGTH' not found.
2013/04/04 14:34:55 - Can't get column 'MAXLENGTH': Column 'MAXLENGTH' not found.
2013/04/04 14:34:55 - Can't get column 'MAXLENGTH': Column 'MAXLENGTH' not found.
2013/04/04 14:34:55 - Can't get column 'MAXLENGTH': Column 'MAXLENGTH' not found.
2013/04/04 14:34:55 - Can't get column 'MAXLENGTH': Column 'MAXLENGTH' not found.
2013/04/04 14:34:55 - Can't get column 'MAXLENGTH': Column 'MAXLENGTH' not found.
2013/04/04 14:34:55 - Can't get column 'MAXLENGTH': Column 'MAXLENGTH' not found.
2013/04/04 14:34:55 - Can't get column 'MAXLENGTH': Column 'MAXLENGTH' not found.
2013/04/04 14:34:55 - Can't get column 'MAXLENGTH': Column 'MAXLENGTH' not found.
2013/04/04 14:34:55 - Can't get column 'MAXLENGTH': Column 'MAXLENGTH' not found.
2013/04/04 14:34:55 - Can't get column 'MAXLENGTH': Column 'MAXLENGTH' not found.
2013/04/04 14:34:55 - Can't get column 'MAXLENGTH': Column 'MAXLENGTH' not found.
2013/04/04 14:34:55 - Can't get column 'MAXLENGTH': Column 'MAXLENGTH' not found.
2013/04/04 14:34:55 - Can't get column 'MAXLENGTH': Column 'MAXLENGTH' not found.
2013/04/04 14:35:46 - org.eclipse.core.internal.resources.ResourceException: Resource '/SSC_Proyecto/Scripts' does not exist.
	at org.eclipse.core.internal.resources.Resource.checkExists(Resource.java:341)
	at org.eclipse.core.internal.resources.Resource.checkAccessible(Resource.java:215)
	at org.eclipse.core.internal.resources.Container.members(Container.java:266)
	at org.eclipse.core.internal.resources.Container.members(Container.java:249)
	at org.jkiss.dbeaver.model.impl.resources.ScriptsHandlerImpl.findRecentScripts(ScriptsHandlerImpl.java:87)
	at org.jkiss.dbeaver.model.impl.resources.ScriptsHandlerImpl.findRecentScript(ScriptsHandlerImpl.java:72)
	at org.jkiss.dbeaver.ui.editors.sql.handlers.OpenSQLEditorHandler.execute(OpenSQLEditorHandler.java:43)
	at org.eclipse.ui.internal.handlers.HandlerProxy.execute(HandlerProxy.java:290)
	at org.eclipse.ui.internal.handlers.E4HandlerProxy.execute(E4HandlerProxy.java:76)
	at sun.reflect.NativeMethodAccessorImpl.invoke0(Native Method)
	at sun.reflect.NativeMethodAccessorImpl.invoke(Unknown Source)
	at sun.reflect.DelegatingMethodAccessorImpl.invoke(Unknown Source)
	at java.lang.reflect.Method.invoke(Unknown Source)
	at org.eclipse.e4.core.internal.di.MethodRequestor.execute(MethodRequestor.java:56)
	at org.eclipse.e4.core.internal.di.InjectorImpl.invokeUsingClass(InjectorImpl.java:229)
	at org.eclipse.e4.core.internal.di.InjectorImpl.invoke(InjectorImpl.java:210)
	at org.eclipse.e4.core.contexts.ContextInjectionFactory.invoke(ContextInjectionFactory.java:131)
	at org.eclipse.e4.core.commands.internal.HandlerServiceImpl.executeHandler(HandlerServiceImpl.java:171)
	at org.eclipse.e4.ui.workbench.renderers.swt.HandledContributionItem.executeItem(HandledContributionItem.java:814)
	at org.eclipse.e4.ui.workbench.renderers.swt.HandledContributionItem.handleWidgetSelection(HandledContributionItem.java:707)
	at org.eclipse.e4.ui.workbench.renderers.swt.HandledContributionItem.access$7(HandledContributionItem.java:691)
	at org.eclipse.e4.ui.workbench.renderers.swt.HandledContributionItem$4.handleEvent(HandledContributionItem.java:630)
	at org.eclipse.swt.widgets.EventTable.sendEvent(EventTable.java:84)
	at org.eclipse.swt.widgets.Widget.sendEvent(Widget.java:1053)
	at org.eclipse.swt.widgets.Display.runDeferredEvents(Display.java:4169)
	at org.eclipse.swt.widgets.Display.readAndDispatch(Display.java:3758)
	at org.eclipse.e4.ui.internal.workbench.swt.PartRenderingEngine$9.run(PartRenderingEngine.java:1029)
	at org.eclipse.core.databinding.observable.Realm.runWithDefault(Realm.java:332)
	at org.eclipse.e4.ui.internal.workbench.swt.PartRenderingEngine.run(PartRenderingEngine.java:923)
	at org.eclipse.e4.ui.internal.workbench.E4Workbench.createAndRunUI(E4Workbench.java:86)
	at org.eclipse.ui.internal.Workbench$5.run(Workbench.java:588)
	at org.eclipse.core.databinding.observable.Realm.runWithDefault(Realm.java:332)
	at org.eclipse.ui.internal.Workbench.createAndRunWorkbench(Workbench.java:543)
	at org.eclipse.ui.PlatformUI.createAndRunWorkbench(PlatformUI.java:149)
	at org.eclipse.ui.internal.ide.application.IDEApplication.start(IDEApplication.java:124)
	at org.eclipse.equinox.internal.app.EclipseAppHandle.run(EclipseAppHandle.java:196)
	at org.eclipse.core.runtime.internal.adaptor.EclipseAppLauncher.runApplication(EclipseAppLauncher.java:110)
	at org.eclipse.core.runtime.internal.adaptor.EclipseAppLauncher.start(EclipseAppLauncher.java:79)
	at org.eclipse.core.runtime.adaptor.EclipseStarter.run(EclipseStarter.java:353)
	at org.eclipse.core.runtime.adaptor.EclipseStarter.run(EclipseStarter.java:180)
	at sun.reflect.NativeMethodAccessorImpl.invoke0(Native Method)
	at sun.reflect.NativeMethodAccessorImpl.invoke(Unknown Source)
	at sun.reflect.DelegatingMethodAccessorImpl.invoke(Unknown Source)
	at java.lang.reflect.Method.invoke(Unknown Source)
	at org.eclipse.equinox.launcher.Main.invokeFramework(Main.java:629)
	at org.eclipse.equinox.launcher.Main.basicRun(Main.java:584)
	at org.eclipse.equinox.launcher.Main.run(Main.java:1438)
	at org.eclipse.equinox.launcher.Main.main(Main.java:1414)
